This file contains any messages produced by compilers while
running configure, to aid debugging if configure makes a mistake.

It was created by gnome-pty-helper configure 1.95.0, which was
generated by GNU Autoconf 2.68.  Invocation command line was

  $ ./configure --disable-option-checking --prefix=/opt/local --disable-Bsymbolic --disable-python --cache-file=/dev/null --srcdir=.

## --------- ##
## Platform. ##
## --------- ##

hostname = bender.local
uname -m = x86_64
uname -r = 12.3.0
uname -s = Darwin
uname -v = Darwin Kernel Version 12.3.0: Sun Jan  6 22:37:10 PST 2013; root:xnu-2050.22.13~1/RELEASE_X86_64

/usr/bin/uname -p = i386
/bin/uname -X     = unknown

/bin/arch              = unknown
/usr/bin/arch -k       = unknown
/usr/convex/getsysinfo = unknown
/usr/bin/hostinfo      = Mach kernel version:
	 Darwin Kernel Version 12.3.0: Sun Jan  6 22:37:10 PST 2013; root:xnu-2050.22.13~1/RELEASE_X86_64
Kernel configured for up to 2 processors.
2 processors are physically available.
2 processors are logically available.
Processor type: i486 (Intel 80486)
Processors active: 0 1
Primary memory available: 8.00 gigabytes
Default processor set: 125 tasks, 471 threads, 2 processors
Load average: 4.55, Mach factor: 0.36
/bin/machine           = unknown
/usr/bin/oslevel       = unknown
/bin/universe          = unknown

PATH: /usr/local/lib/cw
PATH: /usr/local/homebrew/bin
PATH: /Users/youri/bin
PATH: /usr/local/lib/cw
PATH: /usr/bin
PATH: /bin
PATH: /usr/sbin
PATH: /sbin
PATH: /usr/local/bin
PATH: /usr/local/git/bin
PATH: /opt/local/bin
PATH: /usr/local/sbin
PATH: /usr/local/bin
PATH: /usr/local/sbin
PATH: /usr/libexec
PATH: /opt/local/bin
PATH: /opt/local/sbin
PATH: /usr/local/mysql/bin


## ----------- ##
## Core tests. ##
## ----------- ##

configure:2189: checking for a BSD-compatible install
configure:2257: result: /usr/bin/install -c
configure:2268: checking whether build environment is sane
configure:2318: result: yes
configure:2459: checking for a thread-safe mkdir -p
configure:2498: result: ./install-sh -c -d
configure:2511: checking for gawk
configure:2527: found /opt/local/bin/gawk
configure:2538: result: gawk
configure:2549: checking whether make sets $(MAKE)
configure:2571: result: yes
configure:2668: checking for style of include used by make
configure:2696: result: GNU
configure:2767: checking for gcc
configure:2783: found /usr/bin/gcc
configure:2794: result: gcc
configure:3023: checking for C compiler version
configure:3032: gcc --version >&5
i686-apple-darwin11-llvm-gcc-4.2 (GCC) 4.2.1 (Based on Apple Inc. build 5658) (LLVM build 2336.11.00)
Copyright (C) 2007 Free Software Foundation, Inc.
This is free software; see the source for copying conditions.  There is NO
warranty; not even for MERCHANTABILITY or FITNESS FOR A PARTICULAR PURPOSE.

configure:3043: $? = 0
configure:3032: gcc -v >&5
Using built-in specs.
Target: i686-apple-darwin11
Configured with: /private/var/tmp/llvmgcc42/llvmgcc42-2336.11~182/src/configure --disable-checking --enable-werror --prefix=/Applications/Xcode.app/Contents/Developer/usr/llvm-gcc-4.2 --mandir=/share/man --enable-languages=c,objc,c++,obj-c++ --program-prefix=llvm- --program-transform-name=/^[cg][^.-]*$/s/$/-4.2/ --with-slibdir=/usr/lib --build=i686-apple-darwin11 --enable-llvm=/private/var/tmp/llvmgcc42/llvmgcc42-2336.11~182/dst-llvmCore/Developer/usr/local --program-prefix=i686-apple-darwin11- --host=x86_64-apple-darwin11 --target=i686-apple-darwin11 --with-gxx-include-dir=/usr/include/c++/4.2.1
Thread model: posix
gcc version 4.2.1 (Based on Apple Inc. build 5658) (LLVM build 2336.11.00)
configure:3043: $? = 0
configure:3032: gcc -V >&5
llvm-gcc-4.2: argument to `-V' is missing
configure:3043: $? = 1
configure:3032: gcc -qversion >&5
i686-apple-darwin11-llvm-gcc-4.2: no input files
configure:3043: $? = 1
configure:3063: checking whether the C compiler works
configure:3085: gcc    conftest.c  >&5
configure:3089: $? = 0
configure:3137: result: yes
configure:3140: checking for C compiler default output file name
configure:3142: result: a.out
configure:3148: checking for suffix of executables
configure:3155: gcc -o conftest    conftest.c  >&5
configure:3159: $? = 0
configure:3181: result: 
configure:3203: checking whether we are cross compiling
configure:3211: gcc -o conftest    conftest.c  >&5
configure:3215: $? = 0
configure:3222: ./conftest
configure:3226: $? = 0
configure:3241: result: no
configure:3246: checking for suffix of object files
configure:3268: gcc -c   conftest.c >&5
configure:3272: $? = 0
configure:3293: result: o
configure:3297: checking whether we are using the GNU C compiler
configure:3316: gcc -c   conftest.c >&5
configure:3316: $? = 0
configure:3325: result: yes
configure:3334: checking whether gcc accepts -g
configure:3354: gcc -c -g  conftest.c >&5
configure:3354: $? = 0
configure:3395: result: yes
configure:3412: checking for gcc option to accept ISO C89
configure:3476: gcc  -c -g -O2  conftest.c >&5
configure:3476: $? = 0
configure:3489: result: none needed
configure:3511: checking dependency style of gcc
configure:3622: result: gcc3
configure:3638: checking for library containing strerror
configure:3669: gcc -o conftest -g -O2   conftest.c  >&5
configure:3669: $? = 0
configure:3686: result: none required
configure:3742: checking for gcc
configure:3769: result: gcc
configure:3998: checking for C compiler version
configure:4007: gcc --version >&5
i686-apple-darwin11-llvm-gcc-4.2 (GCC) 4.2.1 (Based on Apple Inc. build 5658) (LLVM build 2336.11.00)
Copyright (C) 2007 Free Software Foundation, Inc.
This is free software; see the source for copying conditions.  There is NO
warranty; not even for MERCHANTABILITY or FITNESS FOR A PARTICULAR PURPOSE.

configure:4018: $? = 0
configure:4007: gcc -v >&5
Using built-in specs.
Target: i686-apple-darwin11
Configured with: /private/var/tmp/llvmgcc42/llvmgcc42-2336.11~182/src/configure --disable-checking --enable-werror --prefix=/Applications/Xcode.app/Contents/Developer/usr/llvm-gcc-4.2 --mandir=/share/man --enable-languages=c,objc,c++,obj-c++ --program-prefix=llvm- --program-transform-name=/^[cg][^.-]*$/s/$/-4.2/ --with-slibdir=/usr/lib --build=i686-apple-darwin11 --enable-llvm=/private/var/tmp/llvmgcc42/llvmgcc42-2336.11~182/dst-llvmCore/Developer/usr/local --program-prefix=i686-apple-darwin11- --host=x86_64-apple-darwin11 --target=i686-apple-darwin11 --with-gxx-include-dir=/usr/include/c++/4.2.1
Thread model: posix
gcc version 4.2.1 (Based on Apple Inc. build 5658) (LLVM build 2336.11.00)
configure:4018: $? = 0
configure:4007: gcc -V >&5
llvm-gcc-4.2: argument to `-V' is missing
configure:4018: $? = 1
configure:4007: gcc -qversion >&5
i686-apple-darwin11-llvm-gcc-4.2: no input files
configure:4018: $? = 1
configure:4022: checking whether we are using the GNU C compiler
configure:4050: result: yes
configure:4059: checking whether gcc accepts -g
configure:4120: result: yes
configure:4137: checking for gcc option to accept ISO C89
configure:4214: result: none needed
configure:4236: checking dependency style of gcc
configure:4347: result: gcc3
configure:4367: checking how to run the C preprocessor
configure:4398: gcc -E  conftest.c
configure:4398: $? = 0
configure:4412: gcc -E  conftest.c
conftest.c:11:28: error: ac_nonexistent.h: No such file or directory
configure:4412: $? = 1
configure: failed program was:
| /* confdefs.h */
| #define PACKAGE_NAME "gnome-pty-helper"
| #define PACKAGE_TARNAME "gnome-pty-helper"
| #define PACKAGE_VERSION "1.95.0"
| #define PACKAGE_STRING "gnome-pty-helper 1.95.0"
| #define PACKAGE_BUGREPORT "http://bugzilla.gnome.org/enter_bug.cgi?product=vte"
| #define PACKAGE_URL ""
| #define PACKAGE "gnome-pty-helper"
| #define VERSION "1.95.0"
| /* end confdefs.h.  */
| #include <ac_nonexistent.h>
configure:4437: result: gcc -E
configure:4457: gcc -E  conftest.c
configure:4457: $? = 0
configure:4471: gcc -E  conftest.c
conftest.c:11:28: error: ac_nonexistent.h: No such file or directory
configure:4471: $? = 1
configure: failed program was:
| /* confdefs.h */
| #define PACKAGE_NAME "gnome-pty-helper"
| #define PACKAGE_TARNAME "gnome-pty-helper"
| #define PACKAGE_VERSION "1.95.0"
| #define PACKAGE_STRING "gnome-pty-helper 1.95.0"
| #define PACKAGE_BUGREPORT "http://bugzilla.gnome.org/enter_bug.cgi?product=vte"
| #define PACKAGE_URL ""
| #define PACKAGE "gnome-pty-helper"
| #define VERSION "1.95.0"
| /* end confdefs.h.  */
| #include <ac_nonexistent.h>
configure:4500: checking for grep that handles long lines and -e
configure:4558: result: /usr/bin/grep
configure:4563: checking for egrep
configure:4625: result: /usr/bin/grep -E
configure:4630: checking for ANSI C header files
configure:4650: gcc -c -g -O2  conftest.c >&5
configure:4650: $? = 0
configure:4723: gcc -o conftest -g -O2   conftest.c  >&5
configure:4723: $? = 0
configure:4723: ./conftest
configure:4723: $? = 0
configure:4734: result: yes
configure:4790: checking for gcc
configure:4817: result: gcc
configure:5046: checking for C compiler version
configure:5055: gcc --version >&5
i686-apple-darwin11-llvm-gcc-4.2 (GCC) 4.2.1 (Based on Apple Inc. build 5658) (LLVM build 2336.11.00)
Copyright (C) 2007 Free Software Foundation, Inc.
This is free software; see the source for copying conditions.  There is NO
warranty; not even for MERCHANTABILITY or FITNESS FOR A PARTICULAR PURPOSE.

configure:5066: $? = 0
configure:5055: gcc -v >&5
Using built-in specs.
Target: i686-apple-darwin11
Configured with: /private/var/tmp/llvmgcc42/llvmgcc42-2336.11~182/src/configure --disable-checking --enable-werror --prefix=/Applications/Xcode.app/Contents/Developer/usr/llvm-gcc-4.2 --mandir=/share/man --enable-languages=c,objc,c++,obj-c++ --program-prefix=llvm- --program-transform-name=/^[cg][^.-]*$/s/$/-4.2/ --with-slibdir=/usr/lib --build=i686-apple-darwin11 --enable-llvm=/private/var/tmp/llvmgcc42/llvmgcc42-2336.11~182/dst-llvmCore/Developer/usr/local --program-prefix=i686-apple-darwin11- --host=x86_64-apple-darwin11 --target=i686-apple-darwin11 --with-gxx-include-dir=/usr/include/c++/4.2.1
Thread model: posix
gcc version 4.2.1 (Based on Apple Inc. build 5658) (LLVM build 2336.11.00)
configure:5066: $? = 0
configure:5055: gcc -V >&5
llvm-gcc-4.2: argument to `-V' is missing
configure:5066: $? = 1
configure:5055: gcc -qversion >&5
i686-apple-darwin11-llvm-gcc-4.2: no input files
configure:5066: $? = 1
configure:5070: checking whether we are using the GNU C compiler
configure:5098: result: yes
configure:5107: checking whether gcc accepts -g
configure:5168: result: yes
configure:5185: checking for gcc option to accept ISO C89
configure:5262: result: none needed
configure:5284: checking dependency style of gcc
configure:5395: result: gcc3
configure:5418: checking whether to enable maintainer-specific portions of Makefiles
configure:5427: result: yes
configure:5446: checking for sys/types.h
configure:5446: gcc -c -g -O2  conftest.c >&5
configure:5446: $? = 0
configure:5446: result: yes
configure:5446: checking for sys/stat.h
configure:5446: gcc -c -g -O2  conftest.c >&5
configure:5446: $? = 0
configure:5446: result: yes
configure:5446: checking for stdlib.h
configure:5446: gcc -c -g -O2  conftest.c >&5
configure:5446: $? = 0
configure:5446: result: yes
configure:5446: checking for string.h
configure:5446: gcc -c -g -O2  conftest.c >&5
configure:5446: $? = 0
configure:5446: result: yes
configure:5446: checking for memory.h
configure:5446: gcc -c -g -O2  conftest.c >&5
configure:5446: $? = 0
configure:5446: result: yes
configure:5446: checking for strings.h
configure:5446: gcc -c -g -O2  conftest.c >&5
configure:5446: $? = 0
configure:5446: result: yes
configure:5446: checking for inttypes.h
configure:5446: gcc -c -g -O2  conftest.c >&5
configure:5446: $? = 0
configure:5446: result: yes
configure:5446: checking for stdint.h
configure:5446: gcc -c -g -O2  conftest.c >&5
configure:5446: $? = 0
configure:5446: result: yes
configure:5446: checking for unistd.h
configure:5446: gcc -c -g -O2  conftest.c >&5
configure:5446: $? = 0
configure:5446: result: yes
configure:5461: checking sys/syslimits.h usability
configure:5461: gcc -c -g -O2  conftest.c >&5
configure:5461: $? = 0
configure:5461: result: yes
configure:5461: checking sys/syslimits.h presence
configure:5461: gcc -E  conftest.c
configure:5461: $? = 0
configure:5461: result: yes
configure:5461: checking for sys/syslimits.h
configure:5461: result: yes
configure:5461: checking sys/time.h usability
configure:5461: gcc -c -g -O2  conftest.c >&5
configure:5461: $? = 0
configure:5461: result: yes
configure:5461: checking sys/time.h presence
configure:5461: gcc -E  conftest.c
configure:5461: $? = 0
configure:5461: result: yes
configure:5461: checking for sys/time.h
configure:5461: result: yes
configure:5461: checking for sys/types.h
configure:5461: result: yes
configure:5461: checking sys/un.h usability
configure:5461: gcc -c -g -O2  conftest.c >&5
configure:5461: $? = 0
configure:5461: result: yes
configure:5461: checking sys/un.h presence
configure:5461: gcc -E  conftest.c
configure:5461: $? = 0
configure:5461: result: yes
configure:5461: checking for sys/un.h
configure:5461: result: yes
configure:5461: checking alloca.h usability
configure:5461: gcc -c -g -O2  conftest.c >&5
configure:5461: $? = 0
configure:5461: result: yes
configure:5461: checking alloca.h presence
configure:5461: gcc -E  conftest.c
configure:5461: $? = 0
configure:5461: result: yes
configure:5461: checking for alloca.h
configure:5461: result: yes
configure:5461: checking lastlog.h usability
configure:5461: gcc -c -g -O2  conftest.c >&5
conftest.c:59:21: error: lastlog.h: No such file or directory
configure:5461: $? = 1
configure: failed program was:
| /* confdefs.h */
| #define PACKAGE_NAME "gnome-pty-helper"
| #define PACKAGE_TARNAME "gnome-pty-helper"
| #define PACKAGE_VERSION "1.95.0"
| #define PACKAGE_STRING "gnome-pty-helper 1.95.0"
| #define PACKAGE_BUGREPORT "http://bugzilla.gnome.org/enter_bug.cgi?product=vte"
| #define PACKAGE_URL ""
| #define PACKAGE "gnome-pty-helper"
| #define VERSION "1.95.0"
| #define STDC_HEADERS 1
| #define HAVE_SYS_TYPES_H 1
| #define HAVE_SYS_STAT_H 1
| #define HAVE_STDLIB_H 1
| #define HAVE_STRING_H 1
| #define HAVE_MEMORY_H 1
| #define HAVE_STRINGS_H 1
| #define HAVE_INTTYPES_H 1
| #define HAVE_STDINT_H 1
| #define HAVE_UNISTD_H 1
| #define HAVE_SYS_SYSLIMITS_H 1
| #define HAVE_SYS_TIME_H 1
| #define HAVE_SYS_TYPES_H 1
| #define HAVE_SYS_UN_H 1
| #define HAVE_ALLOCA_H 1
| /* end confdefs.h.  */
| #include <stdio.h>
| #ifdef HAVE_SYS_TYPES_H
| # include <sys/types.h>
| #endif
| #ifdef HAVE_SYS_STAT_H
| # include <sys/stat.h>
| #endif
| #ifdef STDC_HEADERS
| # include <stdlib.h>
| # include <stddef.h>
| #else
| # ifdef HAVE_STDLIB_H
| #  include <stdlib.h>
| # endif
| #endif
| #ifdef HAVE_STRING_H
| # if !defined STDC_HEADERS && defined HAVE_MEMORY_H
| #  include <memory.h>
| # endif
| # include <string.h>
| #endif
| #ifdef HAVE_STRINGS_H
| # include <strings.h>
| #endif
| #ifdef HAVE_INTTYPES_H
| # include <inttypes.h>
| #endif
| #ifdef HAVE_STDINT_H
| # include <stdint.h>
| #endif
| #ifdef HAVE_UNISTD_H
| # include <unistd.h>
| #endif
| #include <lastlog.h>
configure:5461: result: no
configure:5461: checking lastlog.h presence
configure:5461: gcc -E  conftest.c
conftest.c:26:21: error: lastlog.h: No such file or directory
configure:5461: $? = 1
configure: failed program was:
| /* confdefs.h */
| #define PACKAGE_NAME "gnome-pty-helper"
| #define PACKAGE_TARNAME "gnome-pty-helper"
| #define PACKAGE_VERSION "1.95.0"
| #define PACKAGE_STRING "gnome-pty-helper 1.95.0"
| #define PACKAGE_BUGREPORT "http://bugzilla.gnome.org/enter_bug.cgi?product=vte"
| #define PACKAGE_URL ""
| #define PACKAGE "gnome-pty-helper"
| #define VERSION "1.95.0"
| #define STDC_HEADERS 1
| #define HAVE_SYS_TYPES_H 1
| #define HAVE_SYS_STAT_H 1
| #define HAVE_STDLIB_H 1
| #define HAVE_STRING_H 1
| #define HAVE_MEMORY_H 1
| #define HAVE_STRINGS_H 1
| #define HAVE_INTTYPES_H 1
| #define HAVE_STDINT_H 1
| #define HAVE_UNISTD_H 1
| #define HAVE_SYS_SYSLIMITS_H 1
| #define HAVE_SYS_TIME_H 1
| #define HAVE_SYS_TYPES_H 1
| #define HAVE_SYS_UN_H 1
| #define HAVE_ALLOCA_H 1
| /* end confdefs.h.  */
| #include <lastlog.h>
configure:5461: result: no
configure:5461: checking for lastlog.h
configure:5461: result: no
configure:5461: checking libutil.h usability
configure:5461: gcc -c -g -O2  conftest.c >&5
configure:5461: $? = 0
configure:5461: result: yes
configure:5461: checking libutil.h presence
configure:5461: gcc -E  conftest.c
configure:5461: $? = 0
configure:5461: result: yes
configure:5461: checking for libutil.h
configure:5461: result: yes
configure:5461: checking paths.h usability
configure:5461: gcc -c -g -O2  conftest.c >&5
configure:5461: $? = 0
configure:5461: result: yes
configure:5461: checking paths.h presence
configure:5461: gcc -E  conftest.c
configure:5461: $? = 0
configure:5461: result: yes
configure:5461: checking for paths.h
configure:5461: result: yes
configure:5461: checking pty.h usability
configure:5461: gcc -c -g -O2  conftest.c >&5
conftest.c:61:17: error: pty.h: No such file or directory
configure:5461: $? = 1
configure: failed program was:
| /* confdefs.h */
| #define PACKAGE_NAME "gnome-pty-helper"
| #define PACKAGE_TARNAME "gnome-pty-helper"
| #define PACKAGE_VERSION "1.95.0"
| #define PACKAGE_STRING "gnome-pty-helper 1.95.0"
| #define PACKAGE_BUGREPORT "http://bugzilla.gnome.org/enter_bug.cgi?product=vte"
| #define PACKAGE_URL ""
| #define PACKAGE "gnome-pty-helper"
| #define VERSION "1.95.0"
| #define STDC_HEADERS 1
| #define HAVE_SYS_TYPES_H 1
| #define HAVE_SYS_STAT_H 1
| #define HAVE_STDLIB_H 1
| #define HAVE_STRING_H 1
| #define HAVE_MEMORY_H 1
| #define HAVE_STRINGS_H 1
| #define HAVE_INTTYPES_H 1
| #define HAVE_STDINT_H 1
| #define HAVE_UNISTD_H 1
| #define HAVE_SYS_SYSLIMITS_H 1
| #define HAVE_SYS_TIME_H 1
| #define HAVE_SYS_TYPES_H 1
| #define HAVE_SYS_UN_H 1
| #define HAVE_ALLOCA_H 1
| #define HAVE_LIBUTIL_H 1
| #define HAVE_PATHS_H 1
| /* end confdefs.h.  */
| #include <stdio.h>
| #ifdef HAVE_SYS_TYPES_H
| # include <sys/types.h>
| #endif
| #ifdef HAVE_SYS_STAT_H
| # include <sys/stat.h>
| #endif
| #ifdef STDC_HEADERS
| # include <stdlib.h>
| # include <stddef.h>
| #else
| # ifdef HAVE_STDLIB_H
| #  include <stdlib.h>
| # endif
| #endif
| #ifdef HAVE_STRING_H
| # if !defined STDC_HEADERS && defined HAVE_MEMORY_H
| #  include <memory.h>
| # endif
| # include <string.h>
| #endif
| #ifdef HAVE_STRINGS_H
| # include <strings.h>
| #endif
| #ifdef HAVE_INTTYPES_H
| # include <inttypes.h>
| #endif
| #ifdef HAVE_STDINT_H
| # include <stdint.h>
| #endif
| #ifdef HAVE_UNISTD_H
| # include <unistd.h>
| #endif
| #include <pty.h>
configure:5461: result: no
configure:5461: checking pty.h presence
configure:5461: gcc -E  conftest.c
conftest.c:28:17: error: pty.h: No such file or directory
configure:5461: $? = 1
configure: failed program was:
| /* confdefs.h */
| #define PACKAGE_NAME "gnome-pty-helper"
| #define PACKAGE_TARNAME "gnome-pty-helper"
| #define PACKAGE_VERSION "1.95.0"
| #define PACKAGE_STRING "gnome-pty-helper 1.95.0"
| #define PACKAGE_BUGREPORT "http://bugzilla.gnome.org/enter_bug.cgi?product=vte"
| #define PACKAGE_URL ""
| #define PACKAGE "gnome-pty-helper"
| #define VERSION "1.95.0"
| #define STDC_HEADERS 1
| #define HAVE_SYS_TYPES_H 1
| #define HAVE_SYS_STAT_H 1
| #define HAVE_STDLIB_H 1
| #define HAVE_STRING_H 1
| #define HAVE_MEMORY_H 1
| #define HAVE_STRINGS_H 1
| #define HAVE_INTTYPES_H 1
| #define HAVE_STDINT_H 1
| #define HAVE_UNISTD_H 1
| #define HAVE_SYS_SYSLIMITS_H 1
| #define HAVE_SYS_TIME_H 1
| #define HAVE_SYS_TYPES_H 1
| #define HAVE_SYS_UN_H 1
| #define HAVE_ALLOCA_H 1
| #define HAVE_LIBUTIL_H 1
| #define HAVE_PATHS_H 1
| /* end confdefs.h.  */
| #include <pty.h>
configure:5461: result: no
configure:5461: checking for pty.h
configure:5461: result: no
configure:5461: checking stropts.h usability
configure:5461: gcc -c -g -O2  conftest.c >&5
conftest.c:61:21: error: stropts.h: No such file or directory
configure:5461: $? = 1
configure: failed program was:
| /* confdefs.h */
| #define PACKAGE_NAME "gnome-pty-helper"
| #define PACKAGE_TARNAME "gnome-pty-helper"
| #define PACKAGE_VERSION "1.95.0"
| #define PACKAGE_STRING "gnome-pty-helper 1.95.0"
| #define PACKAGE_BUGREPORT "http://bugzilla.gnome.org/enter_bug.cgi?product=vte"
| #define PACKAGE_URL ""
| #define PACKAGE "gnome-pty-helper"
| #define VERSION "1.95.0"
| #define STDC_HEADERS 1
| #define HAVE_SYS_TYPES_H 1
| #define HAVE_SYS_STAT_H 1
| #define HAVE_STDLIB_H 1
| #define HAVE_STRING_H 1
| #define HAVE_MEMORY_H 1
| #define HAVE_STRINGS_H 1
| #define HAVE_INTTYPES_H 1
| #define HAVE_STDINT_H 1
| #define HAVE_UNISTD_H 1
| #define HAVE_SYS_SYSLIMITS_H 1
| #define HAVE_SYS_TIME_H 1
| #define HAVE_SYS_TYPES_H 1
| #define HAVE_SYS_UN_H 1
| #define HAVE_ALLOCA_H 1
| #define HAVE_LIBUTIL_H 1
| #define HAVE_PATHS_H 1
| /* end confdefs.h.  */
| #include <stdio.h>
| #ifdef HAVE_SYS_TYPES_H
| # include <sys/types.h>
| #endif
| #ifdef HAVE_SYS_STAT_H
| # include <sys/stat.h>
| #endif
| #ifdef STDC_HEADERS
| # include <stdlib.h>
| # include <stddef.h>
| #else
| # ifdef HAVE_STDLIB_H
| #  include <stdlib.h>
| # endif
| #endif
| #ifdef HAVE_STRING_H
| # if !defined STDC_HEADERS && defined HAVE_MEMORY_H
| #  include <memory.h>
| # endif
| # include <string.h>
| #endif
| #ifdef HAVE_STRINGS_H
| # include <strings.h>
| #endif
| #ifdef HAVE_INTTYPES_H
| # include <inttypes.h>
| #endif
| #ifdef HAVE_STDINT_H
| # include <stdint.h>
| #endif
| #ifdef HAVE_UNISTD_H
| # include <unistd.h>
| #endif
| #include <stropts.h>
configure:5461: result: no
configure:5461: checking stropts.h presence
configure:5461: gcc -E  conftest.c
conftest.c:28:21: error: stropts.h: No such file or directory
configure:5461: $? = 1
configure: failed program was:
| /* confdefs.h */
| #define PACKAGE_NAME "gnome-pty-helper"
| #define PACKAGE_TARNAME "gnome-pty-helper"
| #define PACKAGE_VERSION "1.95.0"
| #define PACKAGE_STRING "gnome-pty-helper 1.95.0"
| #define PACKAGE_BUGREPORT "http://bugzilla.gnome.org/enter_bug.cgi?product=vte"
| #define PACKAGE_URL ""
| #define PACKAGE "gnome-pty-helper"
| #define VERSION "1.95.0"
| #define STDC_HEADERS 1
| #define HAVE_SYS_TYPES_H 1
| #define HAVE_SYS_STAT_H 1
| #define HAVE_STDLIB_H 1
| #define HAVE_STRING_H 1
| #define HAVE_MEMORY_H 1
| #define HAVE_STRINGS_H 1
| #define HAVE_INTTYPES_H 1
| #define HAVE_STDINT_H 1
| #define HAVE_UNISTD_H 1
| #define HAVE_SYS_SYSLIMITS_H 1
| #define HAVE_SYS_TIME_H 1
| #define HAVE_SYS_TYPES_H 1
| #define HAVE_SYS_UN_H 1
| #define HAVE_ALLOCA_H 1
| #define HAVE_LIBUTIL_H 1
| #define HAVE_PATHS_H 1
| /* end confdefs.h.  */
| #include <stropts.h>
configure:5461: result: no
configure:5461: checking for stropts.h
configure:5461: result: no
configure:5461: checking termios.h usability
configure:5461: gcc -c -g -O2  conftest.c >&5
configure:5461: $? = 0
configure:5461: result: yes
configure:5461: checking termios.h presence
configure:5461: gcc -E  conftest.c
configure:5461: $? = 0
configure:5461: result: yes
configure:5461: checking for termios.h
configure:5461: result: yes
configure:5461: checking ttyent.h usability
configure:5461: gcc -c -g -O2  conftest.c >&5
configure:5461: $? = 0
configure:5461: result: yes
configure:5461: checking ttyent.h presence
configure:5461: gcc -E  conftest.c
configure:5461: $? = 0
configure:5461: result: yes
configure:5461: checking for ttyent.h
configure:5461: result: yes
configure:5461: checking util.h usability
configure:5461: gcc -c -g -O2  conftest.c >&5
configure:5461: $? = 0
configure:5461: result: yes
configure:5461: checking util.h presence
configure:5461: gcc -E  conftest.c
configure:5461: $? = 0
configure:5461: result: yes
configure:5461: checking for util.h
configure:5461: result: yes
configure:5461: checking utmp.h usability
configure:5461: gcc -c -g -O2  conftest.c >&5
configure:5461: $? = 0
configure:5461: result: yes
configure:5461: checking utmp.h presence
configure:5461: gcc -E  conftest.c
configure:5461: $? = 0
configure:5461: result: yes
configure:5461: checking for utmp.h
configure:5461: result: yes
configure:5461: checking utmpx.h usability
configure:5461: gcc -c -g -O2  conftest.c >&5
configure:5461: $? = 0
configure:5461: result: yes
configure:5461: checking utmpx.h presence
configure:5461: gcc -E  conftest.c
configure:5461: $? = 0
configure:5461: result: yes
configure:5461: checking for utmpx.h
configure:5461: result: yes
configure:5461: checking for pty.h
configure:5461: result: no
configure:5461: checking for util.h
configure:5461: result: yes
configure:5461: checking for libutil.h
configure:5461: result: yes
configure:5461: checking for ttyent.h
configure:5461: result: yes
configure:5472: checking for grantpt in -lc
configure:5497: gcc -o conftest -g -O2   conftest.c -lc   >&5
configure:5497: $? = 0
configure:5506: result: yes
configure:5558: checking for openpty in -lc
configure:5583: gcc -o conftest -g -O2   conftest.c -lc   >&5
configure:5583: $? = 0
configure:5592: result: yes
configure:5644: checking for sendmsg in -lc
configure:5669: gcc -o conftest -g -O2   conftest.c -lc   >&5
configure:5669: $? = 0
configure:5678: result: yes
configure:5728: checking for endutent
configure:5728: gcc -o conftest -g -O2   conftest.c  >&5
Undefined symbols for architecture x86_64:
  "_endutent", referenced from:
      _main in ccmjXLIe.o
ld: symbol(s) not found for architecture x86_64
collect2: ld returned 1 exit status
configure:5728: $? = 1
configure: failed program was:
| /* confdefs.h */
| #define PACKAGE_NAME "gnome-pty-helper"
| #define PACKAGE_TARNAME "gnome-pty-helper"
| #define PACKAGE_VERSION "1.95.0"
| #define PACKAGE_STRING "gnome-pty-helper 1.95.0"
| #define PACKAGE_BUGREPORT "http://bugzilla.gnome.org/enter_bug.cgi?product=vte"
| #define PACKAGE_URL ""
| #define PACKAGE "gnome-pty-helper"
| #define VERSION "1.95.0"
| #define STDC_HEADERS 1
| #define HAVE_SYS_TYPES_H 1
| #define HAVE_SYS_STAT_H 1
| #define HAVE_STDLIB_H 1
| #define HAVE_STRING_H 1
| #define HAVE_MEMORY_H 1
| #define HAVE_STRINGS_H 1
| #define HAVE_INTTYPES_H 1
| #define HAVE_STDINT_H 1
| #define HAVE_UNISTD_H 1
| #define HAVE_SYS_SYSLIMITS_H 1
| #define HAVE_SYS_TIME_H 1
| #define HAVE_SYS_TYPES_H 1
| #define HAVE_SYS_UN_H 1
| #define HAVE_ALLOCA_H 1
| #define HAVE_LIBUTIL_H 1
| #define HAVE_PATHS_H 1
| #define HAVE_TERMIOS_H 1
| #define HAVE_TTYENT_H 1
| #define HAVE_UTIL_H 1
| #define HAVE_UTMP_H 1
| #define HAVE_UTMPX_H 1
| #define HAVE_UTIL_H 1
| #define HAVE_LIBUTIL_H 1
| #define HAVE_TTYENT_H 1
| /* end confdefs.h.  */
| /* Define endutent to an innocuous variant, in case <limits.h> declares endutent.
|    For example, HP-UX 11i <limits.h> declares gettimeofday.  */
| #define endutent innocuous_endutent
| 
| /* System header to define __stub macros and hopefully few prototypes,
|     which can conflict with char endutent (); below.
|     Prefer <limits.h> to <assert.h> if __STDC__ is defined, since
|     <limits.h> exists even on freestanding compilers.  */
| 
| #ifdef __STDC__
| # include <limits.h>
| #else
| # include <assert.h>
| #endif
| 
| #undef endutent
| 
| /* Override any GCC internal prototype to avoid an error.
|    Use char because int might match the return type of a GCC
|    builtin and then its argument prototype would still apply.  */
| #ifdef __cplusplus
| extern "C"
| #endif
| char endutent ();
| /* The GNU C library defines this for functions which it implements
|     to always fail with ENOSYS.  Some functions are actually named
|     something starting with __ and the normal name is an alias.  */
| #if defined __stub_endutent || defined __stub___endutent
| choke me
| #endif
| 
| int
| main ()
| {
| return endutent ();
|   ;
|   return 0;
| }
configure:5728: result: no
configure:5728: checking for fcntl
configure:5728: gcc -o conftest -g -O2   conftest.c  >&5
configure:5728: $? = 0
configure:5728: result: yes
configure:5728: checking for forkpty
configure:5728: gcc -o conftest -g -O2   conftest.c  >&5
configure:5728: $? = 0
configure:5728: result: yes
configure:5728: checking for getttyent
configure:5728: gcc -o conftest -g -O2   conftest.c  >&5
configure:5728: $? = 0
configure:5728: result: yes
configure:5728: checking for getutent
configure:5728: gcc -o conftest -g -O2   conftest.c  >&5
Undefined symbols for architecture x86_64:
  "_getutent", referenced from:
      _main in ccayJ9ro.o
ld: symbol(s) not found for architecture x86_64
collect2: ld returned 1 exit status
configure:5728: $? = 1
configure: failed program was:
| /* confdefs.h */
| #define PACKAGE_NAME "gnome-pty-helper"
| #define PACKAGE_TARNAME "gnome-pty-helper"
| #define PACKAGE_VERSION "1.95.0"
| #define PACKAGE_STRING "gnome-pty-helper 1.95.0"
| #define PACKAGE_BUGREPORT "http://bugzilla.gnome.org/enter_bug.cgi?product=vte"
| #define PACKAGE_URL ""
| #define PACKAGE "gnome-pty-helper"
| #define VERSION "1.95.0"
| #define STDC_HEADERS 1
| #define HAVE_SYS_TYPES_H 1
| #define HAVE_SYS_STAT_H 1
| #define HAVE_STDLIB_H 1
| #define HAVE_STRING_H 1
| #define HAVE_MEMORY_H 1
| #define HAVE_STRINGS_H 1
| #define HAVE_INTTYPES_H 1
| #define HAVE_STDINT_H 1
| #define HAVE_UNISTD_H 1
| #define HAVE_SYS_SYSLIMITS_H 1
| #define HAVE_SYS_TIME_H 1
| #define HAVE_SYS_TYPES_H 1
| #define HAVE_SYS_UN_H 1
| #define HAVE_ALLOCA_H 1
| #define HAVE_LIBUTIL_H 1
| #define HAVE_PATHS_H 1
| #define HAVE_TERMIOS_H 1
| #define HAVE_TTYENT_H 1
| #define HAVE_UTIL_H 1
| #define HAVE_UTMP_H 1
| #define HAVE_UTMPX_H 1
| #define HAVE_UTIL_H 1
| #define HAVE_LIBUTIL_H 1
| #define HAVE_TTYENT_H 1
| #define HAVE_FCNTL 1
| #define HAVE_FORKPTY 1
| #define HAVE_GETTTYENT 1
| /* end confdefs.h.  */
| /* Define getutent to an innocuous variant, in case <limits.h> declares getutent.
|    For example, HP-UX 11i <limits.h> declares gettimeofday.  */
| #define getutent innocuous_getutent
| 
| /* System header to define __stub macros and hopefully few prototypes,
|     which can conflict with char getutent (); below.
|     Prefer <limits.h> to <assert.h> if __STDC__ is defined, since
|     <limits.h> exists even on freestanding compilers.  */
| 
| #ifdef __STDC__
| # include <limits.h>
| #else
| # include <assert.h>
| #endif
| 
| #undef getutent
| 
| /* Override any GCC internal prototype to avoid an error.
|    Use char because int might match the return type of a GCC
|    builtin and then its argument prototype would still apply.  */
| #ifdef __cplusplus
| extern "C"
| #endif
| char getutent ();
| /* The GNU C library defines this for functions which it implements
|     to always fail with ENOSYS.  Some functions are actually named
|     something starting with __ and the normal name is an alias.  */
| #if defined __stub_getutent || defined __stub___getutent
| choke me
| #endif
| 
| int
| main ()
| {
| return getutent ();
|   ;
|   return 0;
| }
configure:5728: result: no
configure:5728: checking for getutmpx
configure:5728: gcc -o conftest -g -O2   conftest.c  >&5
configure:5728: $? = 0
configure:5728: result: yes
configure:5728: checking for grantpt
configure:5728: gcc -o conftest -g -O2   conftest.c  >&5
configure:5728: $? = 0
configure:5728: result: yes
configure:5728: checking for flock
configure:5728: gcc -o conftest -g -O2   conftest.c  >&5
configure:5728: $? = 0
configure:5728: result: yes
configure:5728: checking for login_tty
configure:5728: gcc -o conftest -g -O2   conftest.c  >&5
configure:5728: $? = 0
configure:5728: result: yes
configure:5728: checking for openpty
configure:5728: gcc -o conftest -g -O2   conftest.c  >&5
configure:5728: $? = 0
configure:5728: result: yes
configure:5728: checking for revoke
configure:5728: gcc -o conftest -g -O2   conftest.c  >&5
configure:5728: $? = 0
configure:5728: result: yes
configure:5728: checking for sendmsg
configure:5728: gcc -o conftest -g -O2   conftest.c  >&5
configure:5728: $? = 0
configure:5728: result: yes
configure:5728: checking for seteuid
configure:5728: gcc -o conftest -g -O2   conftest.c  >&5
configure:5728: $? = 0
configure:5728: result: yes
configure:5728: checking for setreuid
configure:5728: gcc -o conftest -g -O2   conftest.c  >&5
configure:5728: $? = 0
configure:5728: result: yes
configure:5728: checking for setutent
configure:5728: gcc -o conftest -g -O2   conftest.c  >&5
Undefined symbols for architecture x86_64:
  "_setutent", referenced from:
      _main in ccpesNw6.o
ld: symbol(s) not found for architecture x86_64
collect2: ld returned 1 exit status
configure:5728: $? = 1
configure: failed program was:
| /* confdefs.h */
| #define PACKAGE_NAME "gnome-pty-helper"
| #define PACKAGE_TARNAME "gnome-pty-helper"
| #define PACKAGE_VERSION "1.95.0"
| #define PACKAGE_STRING "gnome-pty-helper 1.95.0"
| #define PACKAGE_BUGREPORT "http://bugzilla.gnome.org/enter_bug.cgi?product=vte"
| #define PACKAGE_URL ""
| #define PACKAGE "gnome-pty-helper"
| #define VERSION "1.95.0"
| #define STDC_HEADERS 1
| #define HAVE_SYS_TYPES_H 1
| #define HAVE_SYS_STAT_H 1
| #define HAVE_STDLIB_H 1
| #define HAVE_STRING_H 1
| #define HAVE_MEMORY_H 1
| #define HAVE_STRINGS_H 1
| #define HAVE_INTTYPES_H 1
| #define HAVE_STDINT_H 1
| #define HAVE_UNISTD_H 1
| #define HAVE_SYS_SYSLIMITS_H 1
| #define HAVE_SYS_TIME_H 1
| #define HAVE_SYS_TYPES_H 1
| #define HAVE_SYS_UN_H 1
| #define HAVE_ALLOCA_H 1
| #define HAVE_LIBUTIL_H 1
| #define HAVE_PATHS_H 1
| #define HAVE_TERMIOS_H 1
| #define HAVE_TTYENT_H 1
| #define HAVE_UTIL_H 1
| #define HAVE_UTMP_H 1
| #define HAVE_UTMPX_H 1
| #define HAVE_UTIL_H 1
| #define HAVE_LIBUTIL_H 1
| #define HAVE_TTYENT_H 1
| #define HAVE_FCNTL 1
| #define HAVE_FORKPTY 1
| #define HAVE_GETTTYENT 1
| #define HAVE_GETUTMPX 1
| #define HAVE_GRANTPT 1
| #define HAVE_FLOCK 1
| #define HAVE_LOGIN_TTY 1
| #define HAVE_OPENPTY 1
| #define HAVE_REVOKE 1
| #define HAVE_SENDMSG 1
| #define HAVE_SETEUID 1
| #define HAVE_SETREUID 1
| /* end confdefs.h.  */
| /* Define setutent to an innocuous variant, in case <limits.h> declares setutent.
|    For example, HP-UX 11i <limits.h> declares gettimeofday.  */
| #define setutent innocuous_setutent
| 
| /* System header to define __stub macros and hopefully few prototypes,
|     which can conflict with char setutent (); below.
|     Prefer <limits.h> to <assert.h> if __STDC__ is defined, since
|     <limits.h> exists even on freestanding compilers.  */
| 
| #ifdef __STDC__
| # include <limits.h>
| #else
| # include <assert.h>
| #endif
| 
| #undef setutent
| 
| /* Override any GCC internal prototype to avoid an error.
|    Use char because int might match the return type of a GCC
|    builtin and then its argument prototype would still apply.  */
| #ifdef __cplusplus
| extern "C"
| #endif
| char setutent ();
| /* The GNU C library defines this for functions which it implements
|     to always fail with ENOSYS.  Some functions are actually named
|     something starting with __ and the normal name is an alias.  */
| #if defined __stub_setutent || defined __stub___setutent
| choke me
| #endif
| 
| int
| main ()
| {
| return setutent ();
|   ;
|   return 0;
| }
configure:5728: result: no
configure:5728: checking for strrchr
configure:5728: gcc -o conftest -g -O2   conftest.c  >&5
conftest.c:71: warning: conflicting types for built-in function 'strrchr'
configure:5728: $? = 0
configure:5728: result: yes
configure:5728: checking for updwtmp
configure:5728: gcc -o conftest -g -O2   conftest.c  >&5
Undefined symbols for architecture x86_64:
  "_updwtmp", referenced from:
      _main in ccOg94W8.o
ld: symbol(s) not found for architecture x86_64
collect2: ld returned 1 exit status
configure:5728: $? = 1
configure: failed program was:
| /* confdefs.h */
| #define PACKAGE_NAME "gnome-pty-helper"
| #define PACKAGE_TARNAME "gnome-pty-helper"
| #define PACKAGE_VERSION "1.95.0"
| #define PACKAGE_STRING "gnome-pty-helper 1.95.0"
| #define PACKAGE_BUGREPORT "http://bugzilla.gnome.org/enter_bug.cgi?product=vte"
| #define PACKAGE_URL ""
| #define PACKAGE "gnome-pty-helper"
| #define VERSION "1.95.0"
| #define STDC_HEADERS 1
| #define HAVE_SYS_TYPES_H 1
| #define HAVE_SYS_STAT_H 1
| #define HAVE_STDLIB_H 1
| #define HAVE_STRING_H 1
| #define HAVE_MEMORY_H 1
| #define HAVE_STRINGS_H 1
| #define HAVE_INTTYPES_H 1
| #define HAVE_STDINT_H 1
| #define HAVE_UNISTD_H 1
| #define HAVE_SYS_SYSLIMITS_H 1
| #define HAVE_SYS_TIME_H 1
| #define HAVE_SYS_TYPES_H 1
| #define HAVE_SYS_UN_H 1
| #define HAVE_ALLOCA_H 1
| #define HAVE_LIBUTIL_H 1
| #define HAVE_PATHS_H 1
| #define HAVE_TERMIOS_H 1
| #define HAVE_TTYENT_H 1
| #define HAVE_UTIL_H 1
| #define HAVE_UTMP_H 1
| #define HAVE_UTMPX_H 1
| #define HAVE_UTIL_H 1
| #define HAVE_LIBUTIL_H 1
| #define HAVE_TTYENT_H 1
| #define HAVE_FCNTL 1
| #define HAVE_FORKPTY 1
| #define HAVE_GETTTYENT 1
| #define HAVE_GETUTMPX 1
| #define HAVE_GRANTPT 1
| #define HAVE_FLOCK 1
| #define HAVE_LOGIN_TTY 1
| #define HAVE_OPENPTY 1
| #define HAVE_REVOKE 1
| #define HAVE_SENDMSG 1
| #define HAVE_SETEUID 1
| #define HAVE_SETREUID 1
| #define HAVE_STRRCHR 1
| /* end confdefs.h.  */
| /* Define updwtmp to an innocuous variant, in case <limits.h> declares updwtmp.
|    For example, HP-UX 11i <limits.h> declares gettimeofday.  */
| #define updwtmp innocuous_updwtmp
| 
| /* System header to define __stub macros and hopefully few prototypes,
|     which can conflict with char updwtmp (); below.
|     Prefer <limits.h> to <assert.h> if __STDC__ is defined, since
|     <limits.h> exists even on freestanding compilers.  */
| 
| #ifdef __STDC__
| # include <limits.h>
| #else
| # include <assert.h>
| #endif
| 
| #undef updwtmp
| 
| /* Override any GCC internal prototype to avoid an error.
|    Use char because int might match the return type of a GCC
|    builtin and then its argument prototype would still apply.  */
| #ifdef __cplusplus
| extern "C"
| #endif
| char updwtmp ();
| /* The GNU C library defines this for functions which it implements
|     to always fail with ENOSYS.  Some functions are actually named
|     something starting with __ and the normal name is an alias.  */
| #if defined __stub_updwtmp || defined __stub___updwtmp
| choke me
| #endif
| 
| int
| main ()
| {
| return updwtmp ();
|   ;
|   return 0;
| }
configure:5728: result: no
configure:5728: checking for updwtmpx
configure:5728: gcc -o conftest -g -O2   conftest.c  >&5
Undefined symbols for architecture x86_64:
  "_updwtmpx", referenced from:
      _main in ccygrnxy.o
ld: symbol(s) not found for architecture x86_64
collect2: ld returned 1 exit status
configure:5728: $? = 1
configure: failed program was:
| /* confdefs.h */
| #define PACKAGE_NAME "gnome-pty-helper"
| #define PACKAGE_TARNAME "gnome-pty-helper"
| #define PACKAGE_VERSION "1.95.0"
| #define PACKAGE_STRING "gnome-pty-helper 1.95.0"
| #define PACKAGE_BUGREPORT "http://bugzilla.gnome.org/enter_bug.cgi?product=vte"
| #define PACKAGE_URL ""
| #define PACKAGE "gnome-pty-helper"
| #define VERSION "1.95.0"
| #define STDC_HEADERS 1
| #define HAVE_SYS_TYPES_H 1
| #define HAVE_SYS_STAT_H 1
| #define HAVE_STDLIB_H 1
| #define HAVE_STRING_H 1
| #define HAVE_MEMORY_H 1
| #define HAVE_STRINGS_H 1
| #define HAVE_INTTYPES_H 1
| #define HAVE_STDINT_H 1
| #define HAVE_UNISTD_H 1
| #define HAVE_SYS_SYSLIMITS_H 1
| #define HAVE_SYS_TIME_H 1
| #define HAVE_SYS_TYPES_H 1
| #define HAVE_SYS_UN_H 1
| #define HAVE_ALLOCA_H 1
| #define HAVE_LIBUTIL_H 1
| #define HAVE_PATHS_H 1
| #define HAVE_TERMIOS_H 1
| #define HAVE_TTYENT_H 1
| #define HAVE_UTIL_H 1
| #define HAVE_UTMP_H 1
| #define HAVE_UTMPX_H 1
| #define HAVE_UTIL_H 1
| #define HAVE_LIBUTIL_H 1
| #define HAVE_TTYENT_H 1
| #define HAVE_FCNTL 1
| #define HAVE_FORKPTY 1
| #define HAVE_GETTTYENT 1
| #define HAVE_GETUTMPX 1
| #define HAVE_GRANTPT 1
| #define HAVE_FLOCK 1
| #define HAVE_LOGIN_TTY 1
| #define HAVE_OPENPTY 1
| #define HAVE_REVOKE 1
| #define HAVE_SENDMSG 1
| #define HAVE_SETEUID 1
| #define HAVE_SETREUID 1
| #define HAVE_STRRCHR 1
| /* end confdefs.h.  */
| /* Define updwtmpx to an innocuous variant, in case <limits.h> declares updwtmpx.
|    For example, HP-UX 11i <limits.h> declares gettimeofday.  */
| #define updwtmpx innocuous_updwtmpx
| 
| /* System header to define __stub macros and hopefully few prototypes,
|     which can conflict with char updwtmpx (); below.
|     Prefer <limits.h> to <assert.h> if __STDC__ is defined, since
|     <limits.h> exists even on freestanding compilers.  */
| 
| #ifdef __STDC__
| # include <limits.h>
| #else
| # include <assert.h>
| #endif
| 
| #undef updwtmpx
| 
| /* Override any GCC internal prototype to avoid an error.
|    Use char because int might match the return type of a GCC
|    builtin and then its argument prototype would still apply.  */
| #ifdef __cplusplus
| extern "C"
| #endif
| char updwtmpx ();
| /* The GNU C library defines this for functions which it implements
|     to always fail with ENOSYS.  Some functions are actually named
|     something starting with __ and the normal name is an alias.  */
| #if defined __stub_updwtmpx || defined __stub___updwtmpx
| choke me
| #endif
| 
| int
| main ()
| {
| return updwtmpx ();
|   ;
|   return 0;
| }
configure:5728: result: no
configure:5728: checking for utmpname
configure:5728: gcc -o conftest -g -O2   conftest.c  >&5
Undefined symbols for architecture x86_64:
  "_utmpname", referenced from:
      _main in ccTDk5gT.o
ld: symbol(s) not found for architecture x86_64
collect2: ld returned 1 exit status
configure:5728: $? = 1
configure: failed program was:
| /* confdefs.h */
| #define PACKAGE_NAME "gnome-pty-helper"
| #define PACKAGE_TARNAME "gnome-pty-helper"
| #define PACKAGE_VERSION "1.95.0"
| #define PACKAGE_STRING "gnome-pty-helper 1.95.0"
| #define PACKAGE_BUGREPORT "http://bugzilla.gnome.org/enter_bug.cgi?product=vte"
| #define PACKAGE_URL ""
| #define PACKAGE "gnome-pty-helper"
| #define VERSION "1.95.0"
| #define STDC_HEADERS 1
| #define HAVE_SYS_TYPES_H 1
| #define HAVE_SYS_STAT_H 1
| #define HAVE_STDLIB_H 1
| #define HAVE_STRING_H 1
| #define HAVE_MEMORY_H 1
| #define HAVE_STRINGS_H 1
| #define HAVE_INTTYPES_H 1
| #define HAVE_STDINT_H 1
| #define HAVE_UNISTD_H 1
| #define HAVE_SYS_SYSLIMITS_H 1
| #define HAVE_SYS_TIME_H 1
| #define HAVE_SYS_TYPES_H 1
| #define HAVE_SYS_UN_H 1
| #define HAVE_ALLOCA_H 1
| #define HAVE_LIBUTIL_H 1
| #define HAVE_PATHS_H 1
| #define HAVE_TERMIOS_H 1
| #define HAVE_TTYENT_H 1
| #define HAVE_UTIL_H 1
| #define HAVE_UTMP_H 1
| #define HAVE_UTMPX_H 1
| #define HAVE_UTIL_H 1
| #define HAVE_LIBUTIL_H 1
| #define HAVE_TTYENT_H 1
| #define HAVE_FCNTL 1
| #define HAVE_FORKPTY 1
| #define HAVE_GETTTYENT 1
| #define HAVE_GETUTMPX 1
| #define HAVE_GRANTPT 1
| #define HAVE_FLOCK 1
| #define HAVE_LOGIN_TTY 1
| #define HAVE_OPENPTY 1
| #define HAVE_REVOKE 1
| #define HAVE_SENDMSG 1
| #define HAVE_SETEUID 1
| #define HAVE_SETREUID 1
| #define HAVE_STRRCHR 1
| /* end confdefs.h.  */
| /* Define utmpname to an innocuous variant, in case <limits.h> declares utmpname.
|    For example, HP-UX 11i <limits.h> declares gettimeofday.  */
| #define utmpname innocuous_utmpname
| 
| /* System header to define __stub macros and hopefully few prototypes,
|     which can conflict with char utmpname (); below.
|     Prefer <limits.h> to <assert.h> if __STDC__ is defined, since
|     <limits.h> exists even on freestanding compilers.  */
| 
| #ifdef __STDC__
| # include <limits.h>
| #else
| # include <assert.h>
| #endif
| 
| #undef utmpname
| 
| /* Override any GCC internal prototype to avoid an error.
|    Use char because int might match the return type of a GCC
|    builtin and then its argument prototype would still apply.  */
| #ifdef __cplusplus
| extern "C"
| #endif
| char utmpname ();
| /* The GNU C library defines this for functions which it implements
|     to always fail with ENOSYS.  Some functions are actually named
|     something starting with __ and the normal name is an alias.  */
| #if defined __stub_utmpname || defined __stub___utmpname
| choke me
| #endif
| 
| int
| main ()
| {
| return utmpname ();
|   ;
|   return 0;
| }
configure:5728: result: no
configure:5728: checking for utmpxname
configure:5728: gcc -o conftest -g -O2   conftest.c  >&5
configure:5728: $? = 0
configure:5728: result: yes
configure:5742: checking for sys/time.h
configure:5742: result: yes
configure:5742: checking for utmp.h
configure:5742: result: yes
configure:5742: checking for utmpx.h
configure:5742: result: yes
configure:5752: checking whether time.h and sys/time.h may both be included
configure:5772: gcc -c -g -O2  conftest.c >&5
configure:5772: $? = 0
configure:5779: result: yes
configure:5798: checking for ut_host field in the utmp structure
configure:5826: gcc -c -g -O2  conftest.c >&5
configure:5826: $? = 0
configure:5837: result: yes
configure:5840: checking for ut_pid field in the utmp structure
configure:5868: gcc -c -g -O2  conftest.c >&5
configure:5868: $? = 0
configure:5879: result: yes
configure:5882: checking for ut_id field in the utmp structure
configure:5910: gcc -c -g -O2  conftest.c >&5
configure:5910: $? = 0
configure:5921: result: yes
configure:5924: checking for ut_name field in the utmp structure
configure:5952: gcc -c -g -O2  conftest.c >&5
conftest.c: In function 'main':
conftest.c:77: error: 'struct utmpx' has no member named 'ut_name'
configure:5952: $? = 1
configure: failed program was:
| /* confdefs.h */
| #define PACKAGE_NAME "gnome-pty-helper"
| #define PACKAGE_TARNAME "gnome-pty-helper"
| #define PACKAGE_VERSION "1.95.0"
| #define PACKAGE_STRING "gnome-pty-helper 1.95.0"
| #define PACKAGE_BUGREPORT "http://bugzilla.gnome.org/enter_bug.cgi?product=vte"
| #define PACKAGE_URL ""
| #define PACKAGE "gnome-pty-helper"
| #define VERSION "1.95.0"
| #define STDC_HEADERS 1
| #define HAVE_SYS_TYPES_H 1
| #define HAVE_SYS_STAT_H 1
| #define HAVE_STDLIB_H 1
| #define HAVE_STRING_H 1
| #define HAVE_MEMORY_H 1
| #define HAVE_STRINGS_H 1
| #define HAVE_INTTYPES_H 1
| #define HAVE_STDINT_H 1
| #define HAVE_UNISTD_H 1
| #define HAVE_SYS_SYSLIMITS_H 1
| #define HAVE_SYS_TIME_H 1
| #define HAVE_SYS_TYPES_H 1
| #define HAVE_SYS_UN_H 1
| #define HAVE_ALLOCA_H 1
| #define HAVE_LIBUTIL_H 1
| #define HAVE_PATHS_H 1
| #define HAVE_TERMIOS_H 1
| #define HAVE_TTYENT_H 1
| #define HAVE_UTIL_H 1
| #define HAVE_UTMP_H 1
| #define HAVE_UTMPX_H 1
| #define HAVE_UTIL_H 1
| #define HAVE_LIBUTIL_H 1
| #define HAVE_TTYENT_H 1
| #define HAVE_FCNTL 1
| #define HAVE_FORKPTY 1
| #define HAVE_GETTTYENT 1
| #define HAVE_GETUTMPX 1
| #define HAVE_GRANTPT 1
| #define HAVE_FLOCK 1
| #define HAVE_LOGIN_TTY 1
| #define HAVE_OPENPTY 1
| #define HAVE_REVOKE 1
| #define HAVE_SENDMSG 1
| #define HAVE_SETEUID 1
| #define HAVE_SETREUID 1
| #define HAVE_STRRCHR 1
| #define HAVE_UTMPXNAME 1
| #define HAVE_SYS_TIME_H 1
| #define HAVE_UTMP_H 1
| #define HAVE_UTMPX_H 1
| #define TIME_WITH_SYS_TIME 1
| #define UTMP struct utmpx
| #define HAVE_UT_UT_HOST 1
| #define HAVE_UT_UT_PID 1
| #define HAVE_UT_UT_ID 1
| /* end confdefs.h.  */
| #ifdef TIME_WITH_SYS_TIME
| #include <sys/time.h>
| #include <time.h>
| #else
| #ifdef HAVE_SYS_TIME_H
| #include <sys/time.h>
| #else
| #include <time.h>
| #endif
| #endif
| #ifdef HAVE_UTMP_H
| #include <utmp.h>
| #endif
| #ifdef HAVE_UTMPX_H
| #include <utmpx.h>
| #endif
| int
| main ()
| {
| UTMP ut; char *p; p=ut.ut_name;
|   ;
|   return 0;
| }
configure:5963: result: no
configure:5966: checking for ut_type field in the utmp structure
configure:5994: gcc -c -g -O2  conftest.c >&5
configure:5994: $? = 0
configure:6005: result: yes
configure:6008: checking for ut_exit.e_termination field in the utmp structure
configure:6036: gcc -c -g -O2  conftest.c >&5
conftest.c: In function 'main':
conftest.c:78: error: 'struct utmpx' has no member named 'ut_exit'
configure:6036: $? = 1
configure: failed program was:
| /* confdefs.h */
| #define PACKAGE_NAME "gnome-pty-helper"
| #define PACKAGE_TARNAME "gnome-pty-helper"
| #define PACKAGE_VERSION "1.95.0"
| #define PACKAGE_STRING "gnome-pty-helper 1.95.0"
| #define PACKAGE_BUGREPORT "http://bugzilla.gnome.org/enter_bug.cgi?product=vte"
| #define PACKAGE_URL ""
| #define PACKAGE "gnome-pty-helper"
| #define VERSION "1.95.0"
| #define STDC_HEADERS 1
| #define HAVE_SYS_TYPES_H 1
| #define HAVE_SYS_STAT_H 1
| #define HAVE_STDLIB_H 1
| #define HAVE_STRING_H 1
| #define HAVE_MEMORY_H 1
| #define HAVE_STRINGS_H 1
| #define HAVE_INTTYPES_H 1
| #define HAVE_STDINT_H 1
| #define HAVE_UNISTD_H 1
| #define HAVE_SYS_SYSLIMITS_H 1
| #define HAVE_SYS_TIME_H 1
| #define HAVE_SYS_TYPES_H 1
| #define HAVE_SYS_UN_H 1
| #define HAVE_ALLOCA_H 1
| #define HAVE_LIBUTIL_H 1
| #define HAVE_PATHS_H 1
| #define HAVE_TERMIOS_H 1
| #define HAVE_TTYENT_H 1
| #define HAVE_UTIL_H 1
| #define HAVE_UTMP_H 1
| #define HAVE_UTMPX_H 1
| #define HAVE_UTIL_H 1
| #define HAVE_LIBUTIL_H 1
| #define HAVE_TTYENT_H 1
| #define HAVE_FCNTL 1
| #define HAVE_FORKPTY 1
| #define HAVE_GETTTYENT 1
| #define HAVE_GETUTMPX 1
| #define HAVE_GRANTPT 1
| #define HAVE_FLOCK 1
| #define HAVE_LOGIN_TTY 1
| #define HAVE_OPENPTY 1
| #define HAVE_REVOKE 1
| #define HAVE_SENDMSG 1
| #define HAVE_SETEUID 1
| #define HAVE_SETREUID 1
| #define HAVE_STRRCHR 1
| #define HAVE_UTMPXNAME 1
| #define HAVE_SYS_TIME_H 1
| #define HAVE_UTMP_H 1
| #define HAVE_UTMPX_H 1
| #define TIME_WITH_SYS_TIME 1
| #define UTMP struct utmpx
| #define HAVE_UT_UT_HOST 1
| #define HAVE_UT_UT_PID 1
| #define HAVE_UT_UT_ID 1
| #define HAVE_UT_UT_TYPE 1
| /* end confdefs.h.  */
| #ifdef TIME_WITH_SYS_TIME
| #include <sys/time.h>
| #include <time.h>
| #else
| #ifdef HAVE_SYS_TIME_H
| #include <sys/time.h>
| #else
| #include <time.h>
| #endif
| #endif
| #ifdef HAVE_UTMP_H
| #include <utmp.h>
| #endif
| #ifdef HAVE_UTMPX_H
| #include <utmpx.h>
| #endif
| int
| main ()
| {
| UTMP ut; ut.ut_exit.e_termination=0;
|   ;
|   return 0;
| }
configure:6047: result: no
configure:6050: checking for ut_user field in the utmp structure
configure:6078: gcc -c -g -O2  conftest.c >&5
configure:6078: $? = 0
configure:6089: result: yes
configure:6092: checking for ut_time field in the utmp structure
configure:6120: gcc -c -g -O2  conftest.c >&5
conftest.c: In function 'main':
conftest.c:79: error: 'struct utmpx' has no member named 'ut_time'
configure:6120: $? = 1
configure: failed program was:
| /* confdefs.h */
| #define PACKAGE_NAME "gnome-pty-helper"
| #define PACKAGE_TARNAME "gnome-pty-helper"
| #define PACKAGE_VERSION "1.95.0"
| #define PACKAGE_STRING "gnome-pty-helper 1.95.0"
| #define PACKAGE_BUGREPORT "http://bugzilla.gnome.org/enter_bug.cgi?product=vte"
| #define PACKAGE_URL ""
| #define PACKAGE "gnome-pty-helper"
| #define VERSION "1.95.0"
| #define STDC_HEADERS 1
| #define HAVE_SYS_TYPES_H 1
| #define HAVE_SYS_STAT_H 1
| #define HAVE_STDLIB_H 1
| #define HAVE_STRING_H 1
| #define HAVE_MEMORY_H 1
| #define HAVE_STRINGS_H 1
| #define HAVE_INTTYPES_H 1
| #define HAVE_STDINT_H 1
| #define HAVE_UNISTD_H 1
| #define HAVE_SYS_SYSLIMITS_H 1
| #define HAVE_SYS_TIME_H 1
| #define HAVE_SYS_TYPES_H 1
| #define HAVE_SYS_UN_H 1
| #define HAVE_ALLOCA_H 1
| #define HAVE_LIBUTIL_H 1
| #define HAVE_PATHS_H 1
| #define HAVE_TERMIOS_H 1
| #define HAVE_TTYENT_H 1
| #define HAVE_UTIL_H 1
| #define HAVE_UTMP_H 1
| #define HAVE_UTMPX_H 1
| #define HAVE_UTIL_H 1
| #define HAVE_LIBUTIL_H 1
| #define HAVE_TTYENT_H 1
| #define HAVE_FCNTL 1
| #define HAVE_FORKPTY 1
| #define HAVE_GETTTYENT 1
| #define HAVE_GETUTMPX 1
| #define HAVE_GRANTPT 1
| #define HAVE_FLOCK 1
| #define HAVE_LOGIN_TTY 1
| #define HAVE_OPENPTY 1
| #define HAVE_REVOKE 1
| #define HAVE_SENDMSG 1
| #define HAVE_SETEUID 1
| #define HAVE_SETREUID 1
| #define HAVE_STRRCHR 1
| #define HAVE_UTMPXNAME 1
| #define HAVE_SYS_TIME_H 1
| #define HAVE_UTMP_H 1
| #define HAVE_UTMPX_H 1
| #define TIME_WITH_SYS_TIME 1
| #define UTMP struct utmpx
| #define HAVE_UT_UT_HOST 1
| #define HAVE_UT_UT_PID 1
| #define HAVE_UT_UT_ID 1
| #define HAVE_UT_UT_TYPE 1
| #define HAVE_UT_UT_USER 1
| /* end confdefs.h.  */
| #ifdef TIME_WITH_SYS_TIME
| #include <sys/time.h>
| #include <time.h>
| #else
| #ifdef HAVE_SYS_TIME_H
| #include <sys/time.h>
| #else
| #include <time.h>
| #endif
| #endif
| #ifdef HAVE_UTMP_H
| #include <utmp.h>
| #endif
| #ifdef HAVE_UTMPX_H
| #include <utmpx.h>
| #endif
| int
| main ()
| {
| UTMP ut; ut.ut_time=0;
|   ;
|   return 0;
| }
configure:6131: result: no
configure:6134: checking for ut_tv field in the utmp structure
configure:6162: gcc -c -g -O2  conftest.c >&5
configure:6162: $? = 0
configure:6173: result: yes
configure:6176: checking for ut_syslen field in the utmp structure
configure:6204: gcc -c -g -O2  conftest.c >&5
conftest.c: In function 'main':
conftest.c:80: error: 'struct utmpx' has no member named 'ut_syslen'
configure:6204: $? = 1
configure: failed program was:
| /* confdefs.h */
| #define PACKAGE_NAME "gnome-pty-helper"
| #define PACKAGE_TARNAME "gnome-pty-helper"
| #define PACKAGE_VERSION "1.95.0"
| #define PACKAGE_STRING "gnome-pty-helper 1.95.0"
| #define PACKAGE_BUGREPORT "http://bugzilla.gnome.org/enter_bug.cgi?product=vte"
| #define PACKAGE_URL ""
| #define PACKAGE "gnome-pty-helper"
| #define VERSION "1.95.0"
| #define STDC_HEADERS 1
| #define HAVE_SYS_TYPES_H 1
| #define HAVE_SYS_STAT_H 1
| #define HAVE_STDLIB_H 1
| #define HAVE_STRING_H 1
| #define HAVE_MEMORY_H 1
| #define HAVE_STRINGS_H 1
| #define HAVE_INTTYPES_H 1
| #define HAVE_STDINT_H 1
| #define HAVE_UNISTD_H 1
| #define HAVE_SYS_SYSLIMITS_H 1
| #define HAVE_SYS_TIME_H 1
| #define HAVE_SYS_TYPES_H 1
| #define HAVE_SYS_UN_H 1
| #define HAVE_ALLOCA_H 1
| #define HAVE_LIBUTIL_H 1
| #define HAVE_PATHS_H 1
| #define HAVE_TERMIOS_H 1
| #define HAVE_TTYENT_H 1
| #define HAVE_UTIL_H 1
| #define HAVE_UTMP_H 1
| #define HAVE_UTMPX_H 1
| #define HAVE_UTIL_H 1
| #define HAVE_LIBUTIL_H 1
| #define HAVE_TTYENT_H 1
| #define HAVE_FCNTL 1
| #define HAVE_FORKPTY 1
| #define HAVE_GETTTYENT 1
| #define HAVE_GETUTMPX 1
| #define HAVE_GRANTPT 1
| #define HAVE_FLOCK 1
| #define HAVE_LOGIN_TTY 1
| #define HAVE_OPENPTY 1
| #define HAVE_REVOKE 1
| #define HAVE_SENDMSG 1
| #define HAVE_SETEUID 1
| #define HAVE_SETREUID 1
| #define HAVE_STRRCHR 1
| #define HAVE_UTMPXNAME 1
| #define HAVE_SYS_TIME_H 1
| #define HAVE_UTMP_H 1
| #define HAVE_UTMPX_H 1
| #define TIME_WITH_SYS_TIME 1
| #define UTMP struct utmpx
| #define HAVE_UT_UT_HOST 1
| #define HAVE_UT_UT_PID 1
| #define HAVE_UT_UT_ID 1
| #define HAVE_UT_UT_TYPE 1
| #define HAVE_UT_UT_USER 1
| #define HAVE_UT_UT_TV 1
| /* end confdefs.h.  */
| #ifdef TIME_WITH_SYS_TIME
| #include <sys/time.h>
| #include <time.h>
| #else
| #ifdef HAVE_SYS_TIME_H
| #include <sys/time.h>
| #else
| #include <time.h>
| #endif
| #endif
| #ifdef HAVE_UTMP_H
| #include <utmp.h>
| #endif
| #ifdef HAVE_UTMPX_H
| #include <utmpx.h>
| #endif
| int
| main ()
| {
| UTMP ut; ut.ut_syslen=0;
|   ;
|   return 0;
| }
configure:6215: result: no
configure:6222: checking for stropts.h
configure:6222: result: no
configure:6257: checking build system type
configure:6271: result: x86_64-apple-darwin12.3.0
configure:6291: checking host system type
configure:6304: result: x86_64-apple-darwin12.3.0
configure:6486: creating ./config.status

## ---------------------- ##
## Running config.status. ##
## ---------------------- ##

This file was extended by gnome-pty-helper config.status 1.95.0, which was
generated by GNU Autoconf 2.68.  Invocation command line was

  CONFIG_FILES    = 
  CONFIG_HEADERS  = 
  CONFIG_LINKS    = 
  CONFIG_COMMANDS = 
  $ ./config.status 

on bender.local

config.status:913: creating Makefile
config.status:913: creating config.h
config.status:1094: config.h is unchanged
config.status:1142: executing depfiles commands

## ---------------- ##
## Cache variables. ##
## ---------------- ##

ac_cv_build=x86_64-apple-darwin12.3.0
ac_cv_c_compiler_gnu=yes
ac_cv_env_CC_set=
ac_cv_env_CC_value=
ac_cv_env_CFLAGS_set=
ac_cv_env_CFLAGS_value=
ac_cv_env_CPPFLAGS_set=
ac_cv_env_CPPFLAGS_value=
ac_cv_env_CPP_set=
ac_cv_env_CPP_value=
ac_cv_env_LDFLAGS_set=
ac_cv_env_LDFLAGS_value=
ac_cv_env_LIBS_set=
ac_cv_env_LIBS_value=
ac_cv_env_SUID_CFLAGS_set=
ac_cv_env_SUID_CFLAGS_value=
ac_cv_env_SUID_LDFLAGS_set=
ac_cv_env_SUID_LDFLAGS_value=
ac_cv_env_build_alias_set=
ac_cv_env_build_alias_value=
ac_cv_env_host_alias_set=
ac_cv_env_host_alias_value=
ac_cv_env_target_alias_set=
ac_cv_env_target_alias_value=
ac_cv_func_endutent=no
ac_cv_func_fcntl=yes
ac_cv_func_flock=yes
ac_cv_func_forkpty=yes
ac_cv_func_getttyent=yes
ac_cv_func_getutent=no
ac_cv_func_getutmpx=yes
ac_cv_func_grantpt=yes
ac_cv_func_login_tty=yes
ac_cv_func_openpty=yes
ac_cv_func_revoke=yes
ac_cv_func_sendmsg=yes
ac_cv_func_seteuid=yes
ac_cv_func_setreuid=yes
ac_cv_func_setutent=no
ac_cv_func_strrchr=yes
ac_cv_func_updwtmp=no
ac_cv_func_updwtmpx=no
ac_cv_func_utmpname=no
ac_cv_func_utmpxname=yes
ac_cv_header_alloca_h=yes
ac_cv_header_inttypes_h=yes
ac_cv_header_lastlog_h=no
ac_cv_header_libutil_h=yes
ac_cv_header_memory_h=yes
ac_cv_header_paths_h=yes
ac_cv_header_pty_h=no
ac_cv_header_stdc=yes
ac_cv_header_stdint_h=yes
ac_cv_header_stdlib_h=yes
ac_cv_header_string_h=yes
ac_cv_header_strings_h=yes
ac_cv_header_stropts_h=no
ac_cv_header_sys_stat_h=yes
ac_cv_header_sys_syslimits_h=yes
ac_cv_header_sys_time_h=yes
ac_cv_header_sys_types_h=yes
ac_cv_header_sys_un_h=yes
ac_cv_header_termios_h=yes
ac_cv_header_time=yes
ac_cv_header_ttyent_h=yes
ac_cv_header_unistd_h=yes
ac_cv_header_util_h=yes
ac_cv_header_utmp_h=yes
ac_cv_header_utmpx_h=yes
ac_cv_host=x86_64-apple-darwin12.3.0
ac_cv_lib_c_grantpt=yes
ac_cv_lib_c_openpty=yes
ac_cv_lib_c_sendmsg=yes
ac_cv_objext=o
ac_cv_path_EGREP='/usr/bin/grep -E'
ac_cv_path_GREP=/usr/bin/grep
ac_cv_path_install='/usr/bin/install -c'
ac_cv_prog_AWK=gawk
ac_cv_prog_CPP='gcc -E'
ac_cv_prog_ac_ct_CC=gcc
ac_cv_prog_cc_c89=
ac_cv_prog_cc_g=yes
ac_cv_prog_make_make_set=yes
ac_cv_search_strerror='none required'
am_cv_CC_dependencies_compiler_type=gcc3
am_cv_prog_cc_stdc=

## ----------------- ##
## Output variables. ##
## ----------------- ##

ACLOCAL='${SHELL} /Users/youri/Downloads/Dotfiles/termite/vte-0.32.2-old/gnome-pty-helper/missing --run aclocal-1.11'
AMDEPBACKSLASH='\'
AMDEP_FALSE='#'
AMDEP_TRUE=''
AMTAR='$${TAR-tar}'
AUTOCONF='${SHELL} /Users/youri/Downloads/Dotfiles/termite/vte-0.32.2-old/gnome-pty-helper/missing --run autoconf'
AUTOHEADER='${SHELL} /Users/youri/Downloads/Dotfiles/termite/vte-0.32.2-old/gnome-pty-helper/missing --run autoheader'
AUTOMAKE='${SHELL} /Users/youri/Downloads/Dotfiles/termite/vte-0.32.2-old/gnome-pty-helper/missing --run automake-1.11'
AWK='gawk'
CC='gcc'
CCDEPMODE='depmode=gcc3'
CFLAGS='-g -O2'
CPP='gcc -E'
CPPFLAGS=''
CYGPATH_W='echo'
DEFS='-DHAVE_CONFIG_H'
DEPDIR='.deps'
ECHO_C='\c'
ECHO_N=''
ECHO_T=''
EGREP='/usr/bin/grep -E'
EXEEXT=''
GREP='/usr/bin/grep'
INSTALL_DATA='${INSTALL} -m 644'
INSTALL_PROGRAM='${INSTALL}'
INSTALL_SCRIPT='${INSTALL}'
INSTALL_STRIP_PROGRAM='$(install_sh) -c -s'
LDFLAGS=''
LIBOBJS=''
LIBS=''
LTLIBOBJS=''
MAINT=''
MAINTAINER_MODE_FALSE='#'
MAINTAINER_MODE_TRUE=''
MAKEINFO='${SHELL} /Users/youri/Downloads/Dotfiles/termite/vte-0.32.2-old/gnome-pty-helper/missing --run makeinfo'
MKDIR_P='./install-sh -c -d'
OBJEXT='o'
PACKAGE='gnome-pty-helper'
PACKAGE_BUGREPORT='http://bugzilla.gnome.org/enter_bug.cgi?product=vte'
PACKAGE_NAME='gnome-pty-helper'
PACKAGE_STRING='gnome-pty-helper 1.95.0'
PACKAGE_TARNAME='gnome-pty-helper'
PACKAGE_URL=''
PACKAGE_VERSION='1.95.0'
PATH_SEPARATOR=':'
SET_MAKE=''
SHELL='/bin/sh'
STRIP=''
SUID_CFLAGS=''
SUID_LDFLAGS=''
VERSION='1.95.0'
ac_ct_CC='gcc'
am__EXEEXT_FALSE=''
am__EXEEXT_TRUE='#'
am__fastdepCC_FALSE='#'
am__fastdepCC_TRUE=''
am__include='include'
am__isrc=''
am__leading_dot='.'
am__nodep='_no'
am__quote=''
am__tar='$${TAR-tar} chof - "$$tardir"'
am__untar='$${TAR-tar} xf -'
bindir='${exec_prefix}/bin'
build='x86_64-apple-darwin12.3.0'
build_alias=''
build_cpu='x86_64'
build_os='darwin12.3.0'
build_vendor='apple'
datadir='${datarootdir}'
datarootdir='${prefix}/share'
docdir='${datarootdir}/doc/${PACKAGE_TARNAME}'
dvidir='${docdir}'
exec_prefix='${prefix}'
host='x86_64-apple-darwin12.3.0'
host_alias=''
host_cpu='x86_64'
host_os='darwin12.3.0'
host_vendor='apple'
htmldir='${docdir}'
includedir='${prefix}/include'
infodir='${datarootdir}/info'
install_sh='${SHELL} /Users/youri/Downloads/Dotfiles/termite/vte-0.32.2-old/gnome-pty-helper/install-sh'
libdir='${exec_prefix}/lib'
libexecdir='${exec_prefix}/libexec'
localedir='${datarootdir}/locale'
localstatedir='${prefix}/var'
mandir='${datarootdir}/man'
mkdir_p='$(top_builddir)/./install-sh -c -d'
oldincludedir='/usr/include'
pdfdir='${docdir}'
prefix='/opt/local'
program_transform_name='s,x,x,'
psdir='${docdir}'
sbindir='${exec_prefix}/sbin'
sharedstatedir='${prefix}/com'
sysconfdir='${prefix}/etc'
target_alias=''

## ----------- ##
## confdefs.h. ##
## ----------- ##

/* confdefs.h */
#define PACKAGE_NAME "gnome-pty-helper"
#define PACKAGE_TARNAME "gnome-pty-helper"
#define PACKAGE_VERSION "1.95.0"
#define PACKAGE_STRING "gnome-pty-helper 1.95.0"
#define PACKAGE_BUGREPORT "http://bugzilla.gnome.org/enter_bug.cgi?product=vte"
#define PACKAGE_URL ""
#define PACKAGE "gnome-pty-helper"
#define VERSION "1.95.0"
#define STDC_HEADERS 1
#define HAVE_SYS_TYPES_H 1
#define HAVE_SYS_STAT_H 1
#define HAVE_STDLIB_H 1
#define HAVE_STRING_H 1
#define HAVE_MEMORY_H 1
#define HAVE_STRINGS_H 1
#define HAVE_INTTYPES_H 1
#define HAVE_STDINT_H 1
#define HAVE_UNISTD_H 1
#define HAVE_SYS_SYSLIMITS_H 1
#define HAVE_SYS_TIME_H 1
#define HAVE_SYS_TYPES_H 1
#define HAVE_SYS_UN_H 1
#define HAVE_ALLOCA_H 1
#define HAVE_LIBUTIL_H 1
#define HAVE_PATHS_H 1
#define HAVE_TERMIOS_H 1
#define HAVE_TTYENT_H 1
#define HAVE_UTIL_H 1
#define HAVE_UTMP_H 1
#define HAVE_UTMPX_H 1
#define HAVE_UTIL_H 1
#define HAVE_LIBUTIL_H 1
#define HAVE_TTYENT_H 1
#define HAVE_FCNTL 1
#define HAVE_FORKPTY 1
#define HAVE_GETTTYENT 1
#define HAVE_GETUTMPX 1
#define HAVE_GRANTPT 1
#define HAVE_FLOCK 1
#define HAVE_LOGIN_TTY 1
#define HAVE_OPENPTY 1
#define HAVE_REVOKE 1
#define HAVE_SENDMSG 1
#define HAVE_SETEUID 1
#define HAVE_SETREUID 1
#define HAVE_STRRCHR 1
#define HAVE_UTMPXNAME 1
#define HAVE_SYS_TIME_H 1
#define HAVE_UTMP_H 1
#define HAVE_UTMPX_H 1
#define TIME_WITH_SYS_TIME 1
#define UTMP struct utmpx
#define HAVE_UT_UT_HOST 1
#define HAVE_UT_UT_PID 1
#define HAVE_UT_UT_ID 1
#define HAVE_UT_UT_TYPE 1
#define HAVE_UT_UT_USER 1
#define HAVE_UT_UT_TV 1

configure: exit 0
